2020-01-16 14:13:04.475  INFO 11224 --- [restartedMain] l.echo.community.CommunityApplication    : Started CommunityApplication in 1.353 seconds (JVM running for 297.716)
2020-01-16 14:13:04.475  INFO 11224 --- [restartedMain] .ConditionEvaluationDeltaLoggingListener : Condition evaluation unchanged
2020-01-16 14:13:46.662  INFO 11224 --- [Thread-27] o.s.s.concurrent.ThreadPoolTaskExecutor  : Shutting down ExecutorService 'applicationTaskExecutor'
2020-01-16 14:13:46.662  INFO 11224 --- [Thread-27] com.zaxxer.hikari.HikariDataSource       : HikariPool-2 - Shutdown initiated...
2020-01-16 14:13:46.693  INFO 11224 --- [Thread-27] com.zaxxer.hikari.HikariDataSource       : HikariPool-2 - Shutdown completed.
2020-01-16 14:13:47.204  INFO 11224 --- [restartedMain] l.echo.community.CommunityApplication    : Starting CommunityApplication on DESKTOP-MUR8BRT with PID 11224 (F:\code\IDEA\community\target\classes started by administraor in F:\code\IDEA\community)
2020-01-16 14:13:47.204  INFO 11224 --- [restartedMain] l.echo.community.CommunityApplication    : No active profile set, falling back to default profiles: default
2020-01-16 14:13:47.767  WARN 11224 --- [restartedMain] org.apache.tomcat.util.modeler.Registry  : The MBean registry cannot be disabled because it has already been initialised
2020-01-16 14:13:47.829  INFO 11224 --- [restartedMain] o.s.b.w.embedded.tomcat.TomcatWebServer  : Tomcat initialized with port(s): 8887 (http)
2020-01-16 14:13:47.829  INFO 11224 --- [restartedMain] o.apache.catalina.core.StandardService   : Starting service [Tomcat]
2020-01-16 14:13:47.829  INFO 11224 --- [restartedMain] org.apache.catalina.core.StandardEngine  : Starting Servlet engine: [Apache Tomcat/9.0.29]
2020-01-16 14:13:47.845  INFO 11224 --- [restartedMain] o.a.c.c.C.[Tomcat].[localhost].[/]       : Initializing Spring embedded WebApplicationContext
2020-01-16 14:13:47.845  INFO 11224 --- [restartedMain] o.s.web.context.ContextLoader            : Root WebApplicationContext: initialization completed in 625 ms
2020-01-16 14:13:47.876  INFO 11224 --- [restartedMain] com.zaxxer.hikari.HikariDataSource       : HikariPool-3 - Starting...
2020-01-16 14:13:47.892  INFO 11224 --- [restartedMain] com.zaxxer.hikari.HikariDataSource       : HikariPool-3 - Start completed.
2020-01-16 14:13:47.892  INFO 11224 --- [restartedMain] o.s.b.a.h2.H2ConsoleAutoConfiguration    : H2 console available at '/h2-console'. Database available at 'jdbc:h2:~/community'
2020-01-16 14:13:48.157  INFO 11224 --- [restartedMain] o.s.s.concurrent.ThreadPoolTaskExecutor  : Initializing ExecutorService 'applicationTaskExecutor'
2020-01-16 14:13:48.173  INFO 11224 --- [restartedMain] o.s.b.a.w.s.WelcomePageHandlerMapping    : Adding welcome page template: index
2020-01-16 14:13:48.251  INFO 11224 --- [restartedMain] o.s.b.d.a.OptionalLiveReloadServer       : LiveReload server is running on port 35729
2020-01-16 14:13:48.251  INFO 11224 --- [restartedMain] o.s.b.w.embedded.tomcat.TomcatWebServer  : Tomcat started on port(s): 8887 (http) with context path ''
2020-01-16 14:13:48.251  INFO 11224 --- [restartedMain] l.echo.community.CommunityApplication    : Started CommunityApplication in 1.102 seconds (JVM running for 341.506)
2020-01-16 14:13:48.267  INFO 11224 --- [restartedMain] .ConditionEvaluationDeltaLoggingListener : Condition evaluation unchanged
